2026-03-10T09:06:34.125Z [INFO]: Get admin profile request received
2026-03-10T09:06:34.128Z [INFO]: Admin request validation started
2026-03-10T09:06:34.133Z [ERROR]: Decryption error: Unexpected end of JSON input
2026-03-10T09:06:34.134Z [ERROR]: Decryption failed: Decryption failed
2026-03-10T09:07:16.982Z [INFO]: Get admin profile request received
2026-03-10T09:07:16.984Z [INFO]: Admin request validation started
2026-03-10T09:07:16.985Z [ERROR]: Decryption error: Unexpected end of JSON input
2026-03-10T09:07:16.986Z [ERROR]: Decryption failed: Decryption failed
2026-03-10T09:09:22.633Z [INFO]: Get admin profile request received
2026-03-10T09:09:22.634Z [INFO]: Admin request validation started
2026-03-10T09:09:22.657Z [INFO]: Admin request validated successfully
2026-03-10T09:10:18.021Z [INFO]: Get admin profile request received
2026-03-10T09:10:18.022Z [INFO]: Admin request validation started
2026-03-10T09:10:18.026Z [INFO]: Admin request validated successfully
2026-03-10T09:13:03.147Z [INFO]: Get admin dashboard request received
2026-03-10T09:13:03.149Z [INFO]: Admin request validation started
2026-03-10T09:13:03.167Z [INFO]: Admin request validated successfully
2026-03-10T09:14:22.331Z [INFO]: Get admin profile request received
2026-03-10T09:14:22.331Z [INFO]: Admin request validation started
2026-03-10T09:14:22.336Z [INFO]: Admin request validated successfully
2026-03-10T09:15:24.121Z [INFO]: Get all managers request received
2026-03-10T09:15:24.122Z [INFO]: Admin request validation started
2026-03-10T09:15:24.130Z [INFO]: Admin request validated successfully
2026-03-10T09:19:30.946Z [INFO]: Get all students request received
2026-03-10T09:19:30.947Z [INFO]: Admin request validation started
2026-03-10T09:19:30.951Z [INFO]: Admin request validated successfully
2026-03-10T09:20:25.168Z [INFO]: Get all rooms request received
2026-03-10T09:20:25.169Z [INFO]: Admin request validation started
2026-03-10T09:20:25.174Z [INFO]: Admin request validated successfully
